<?xml version="1.0" encoding="UTF-8" standalone="yes"?><!DOCTYPE report PUBLIC "-//JACOCO//DTD Report 1.1//EN" "report.dtd"><report name="parking-system"><sessioninfo id="starbanjo-junejournal-cb9f1516" start="1674207579890" dump="1674207580712"/><sessioninfo id="underfast-hydroaztec-97edb6be" start="1675771328048" dump="1675771330061"/><sessioninfo id="underfast-hydroaztec-c0203282" start="1675771746875" dump="1675771748837"/><sessioninfo id="underfast-hydroaztec-c228bac" start="1675771754654" dump="1675771757976"/><sessioninfo id="sportmanager-anagrampattern-97e37d94" start="1675796175644" dump="1675796180247"/><sessioninfo id="sportmanager-anagrampattern-ad9f9506" start="1675796192501" dump="1675796199478"/><sessioninfo id="farmereditor-roverbonanza-288036ad" start="1683619873703" dump="1683619879048"/><sessioninfo id="farmereditor-roverbonanza-9ffc8a09" start="1683620804188" dump="1683620810110"/><sessioninfo id="farmereditor-roverbonanza-f3aa58fb" start="1683621044054" dump="1683621048849"/><sessioninfo id="farmereditor-roverbonanza-e1b652d7" start="1683624897893" dump="1683624903903"/><sessioninfo id="farmereditor-roverbonanza-933035a" start="1683628292175" dump="1683628298357"/><sessioninfo id="farmereditor-roverbonanza-d6b77ca3" start="1683629165074" dump="1683629166867"/><sessioninfo id="farmereditor-roverbonanza-d51ae6cf" start="1683629265570" dump="1683629267610"/><sessioninfo id="farmereditor-roverbonanza-37dd06a3" start="1683629393095" dump="1683629395136"/><sessioninfo id="farmereditor-roverbonanza-ef8e0d46" start="1683629429956" dump="1683629431632"/><sessioninfo id="farmereditor-roverbonanza-45ffc51" start="1683629447851" dump="1683629451936"/><sessioninfo id="farmereditor-roverbonanza-7d8159bd" start="1683629480851" dump="1683629485551"/><sessioninfo id="farmereditor-roverbonanza-1982e1c0" start="1683629626677" dump="1683629632842"/><sessioninfo id="farmereditor-roverbonanza-97f7303e" start="1683629760117" dump="1683629761338"/><sessioninfo id="farmereditor-roverbonanza-8f051609" start="1683630643330" dump="1683630648787"/><sessioninfo id="farmereditor-roverbonanza-5a1ecd25" start="1683735010604" dump="1683735014117"/><sessioninfo id="farmereditor-roverbonanza-edd08a3a" start="1683735123609" dump="1683735126492"/><sessioninfo id="farmereditor-roverbonanza-3b80ecc1" start="1683735171958" dump="1683735174782"/><sessioninfo id="farmereditor-roverbonanza-b3d961dd" start="1683735331610" dump="1683735334253"/><sessioninfo id="farmereditor-roverbonanza-66c915fb" start="1683735358235" dump="1683735361428"/><sessioninfo id="farmereditor-roverbonanza-45705995" start="1683735494941" dump="1683735495998"/><sessioninfo id="farmereditor-roverbonanza-8bbcbda7" start="1683735826840" dump="1683735829737"/><sessioninfo id="farmereditor-roverbonanza-d6e472de" start="1683736002840" dump="1683736005639"/><sessioninfo id="farmereditor-roverbonanza-a0383ae3" start="1683740668466" dump="1683740671299"/><sessioninfo id="farmereditor-roverbonanza-a94ed462" start="1683740846856" dump="1683740850497"/><sessioninfo id="farmereditor-roverbonanza-6863aaef" start="1683740866003" dump="1683740866985"/><sessioninfo id="farmereditor-roverbonanza-d1cb66f0" start="1683741600650" dump="1683741604029"/><sessioninfo id="farmereditor-roverbonanza-ee691701" start="1683741788415" dump="1683741791352"/><sessioninfo id="farmereditor-roverbonanza-f2c335d4" start="1683741858567" dump="1683741861972"/><sessioninfo id="farmereditor-roverbonanza-508a58b2" start="1683789616165" dump="1683789623051"/><sessioninfo id="farmereditor-roverbonanza-fc519f2d" start="1683789819742" dump="1683789825257"/><sessioninfo id="farmereditor-roverbonanza-5023fa35" start="1683791073656" dump="1683791081510"/><sessioninfo id="farmereditor-roverbonanza-1abb7065" start="1683804552625" dump="1683804558386"/><sessioninfo id="farmereditor-roverbonanza-6cdac094" start="1683889071643" dump="1683889077641"/><sessioninfo id="farmereditor-roverbonanza-eb5377fd" start="1683889086725" dump="1683889092163"/><sessioninfo id="farmereditor-roverbonanza-eaa768bf" start="1683889673527" dump="1683889677594"/><sessioninfo id="farmereditor-roverbonanza-279f47bc" start="1683889686235" dump="1683889691951"/><sessioninfo id="farmereditor-roverbonanza-fa7569f" start="1684241528176" dump="1684241531393"/><sessioninfo id="farmereditor-roverbonanza-b0833312" start="1684242077141" dump="1684242080042"/><sessioninfo id="farmereditor-roverbonanza-28c1bdd6" start="1684242087070" dump="1684242093875"/><sessioninfo id="farmereditor-roverbonanza-27c62690" start="1684242245893" dump="1684242248687"/><sessioninfo id="farmereditor-roverbonanza-467c03a3" start="1684242255592" dump="1684242261681"/><sessioninfo id="farmereditor-roverbonanza-dc7f5c00" start="1684939386917" dump="1684939389897"/><sessioninfo id="farmereditor-roverbonanza-1e001349" start="1684939397754" dump="1684939404274"/><sessioninfo id="farmereditor-roverbonanza-bf0490d2" start="1684939600487" dump="1684939603331"/><sessioninfo id="farmereditor-roverbonanza-5436bff2" start="1684997311072" dump="1684997317842"/><sessioninfo id="farmereditor-roverbonanza-828ea6d2" start="1684997744145" dump="1684997746970"/><sessioninfo id="farmereditor-roverbonanza-53f50e52" start="1684997847832" dump="1684997850624"/><sessioninfo id="farmereditor-roverbonanza-b905bbb6" start="1684997896903" dump="1684997899376"/><sessioninfo id="farmereditor-roverbonanza-afa04276" start="1684998342909" dump="1684998345467"/><sessioninfo id="farmereditor-roverbonanza-8f794ee5" start="1684999711707" dump="1684999714650"/><sessioninfo id="farmereditor-roverbonanza-e7e9b2aa" start="1684999891726" dump="1684999895097"/><sessioninfo id="farmereditor-roverbonanza-1525e7c8" start="1684999953922" dump="1684999956778"/><sessioninfo id="farmereditor-roverbonanza-115ea6e5" start="1685000976063" dump="1685000978668"/><sessioninfo id="farmereditor-roverbonanza-b90d11e8" start="1685003730199" dump="1685003732696"/><sessioninfo id="farmereditor-roverbonanza-a7b37d50" start="1685003885645" dump="1685003888320"/><sessioninfo id="farmereditor-roverbonanza-b6ebad04" start="1685004152206" dump="1685004155199"/><sessioninfo id="farmereditor-roverbonanza-d06abc8b" start="1685004954324" dump="1685004957619"/><sessioninfo id="farmereditor-roverbonanza-20ad3b04" start="1685005863654" dump="1685005867402"/><sessioninfo id="farmereditor-roverbonanza-84c7704" start="1685006006300" dump="1685006009022"/><sessioninfo id="farmereditor-roverbonanza-858bb26f" start="1685006098209" dump="1685006100937"/><sessioninfo id="farmereditor-roverbonanza-74b9651b" start="1685006131101" dump="1685006133772"/><sessioninfo id="farmereditor-roverbonanza-351343ee" start="1685006229462" dump="1685006233435"/><sessioninfo id="farmereditor-roverbonanza-9af48307" start="1685006375095" dump="1685006377920"/><sessioninfo id="farmereditor-roverbonanza-ebddd13f" start="1685006490535" dump="1685006493853"/><sessioninfo id="farmereditor-roverbonanza-8a068dfe" start="1685006505018" dump="1685006507782"/><sessioninfo id="farmereditor-roverbonanza-63330925" start="1685006626032" dump="1685006628907"/><sessioninfo id="farmereditor-roverbonanza-a2a1ee41" start="1685006687721" dump="1685006690574"/><sessioninfo id="farmereditor-roverbonanza-47abaf4" start="1685006710023" dump="1685006712786"/><sessioninfo id="farmereditor-roverbonanza-4fad5e16" start="1685007023498" dump="1685007026284"/><sessioninfo id="farmereditor-roverbonanza-cf445d63" start="1685007105898" dump="1685007108475"/><sessioninfo id="farmereditor-roverbonanza-75261046" start="1685007164682" dump="1685007167238"/><sessioninfo id="farmereditor-roverbonanza-39999662" start="1685007311566" dump="1685007315042"/><sessioninfo id="farmereditor-roverbonanza-c9e17127" start="1685007663472" dump="1685007666917"/><sessioninfo id="farmereditor-roverbonanza-106b785f" start="1685014145841" dump="1685014148810"/><sessioninfo id="farmereditor-roverbonanza-acefdf3b" start="1685014865839" dump="1685014868886"/><sessioninfo id="farmereditor-roverbonanza-a1c1e89e" start="1685014943710" dump="1685014946968"/><sessioninfo id="farmereditor-roverbonanza-900eb8e2" start="1685015093323" dump="1685015096944"/><sessioninfo id="farmereditor-roverbonanza-d2f2c2d8" start="1685015115778" dump="1685015118602"/><sessioninfo id="farmereditor-roverbonanza-e207e78" start="1685015136625" dump="1685015139224"/><sessioninfo id="farmereditor-roverbonanza-d1893f9" start="1685015265575" dump="1685015268366"/><sessioninfo id="farmereditor-roverbonanza-fccd9981" start="1685016852049" dump="1685016855682"/><sessioninfo id="farmereditor-roverbonanza-5cbdfa67" start="1685016914525" dump="1685016918471"/><sessioninfo id="farmereditor-roverbonanza-817ef04a" start="1685016960354" dump="1685016963225"/><sessioninfo id="farmereditor-roverbonanza-872398a0" start="1685017014698" dump="1685017017340"/><sessioninfo id="farmereditor-roverbonanza-b382cdc5" start="1685017037394" dump="1685017040372"/><sessioninfo id="farmereditor-roverbonanza-da6241bd" start="1685017084569" dump="1685017088117"/><sessioninfo id="farmereditor-roverbonanza-38c2d014" start="1685022808220" dump="1685022811104"/><sessioninfo id="farmereditor-roverbonanza-f629f6bf" start="1685022972924" dump="1685022975853"/><sessioninfo id="farmereditor-roverbonanza-cbc6df8" start="1685023397792" dump="1685023400595"/><sessioninfo id="farmereditor-roverbonanza-b67ac609" start="1685023572653" dump="1685023575303"/><sessioninfo id="farmereditor-roverbonanza-5d11f932" start="1685023833347" dump="1685023836039"/><sessioninfo id="farmereditor-roverbonanza-58514b35" start="1685023873376" dump="1685023876672"/><sessioninfo id="farmereditor-roverbonanza-4d604b21" start="1685023965350" dump="1685023967936"/><sessioninfo id="farmereditor-roverbonanza-c17400be" start="1685024097401" dump="1685024100323"/><sessioninfo id="farmereditor-roverbonanza-92c97443" start="1685024157186" dump="1685024159676"/><sessioninfo id="farmereditor-roverbonanza-1c4303b4" start="1685024313394" dump="1685024317054"/><sessioninfo id="farmereditor-roverbonanza-c680c678" start="1685024438173" dump="1685024441520"/><sessioninfo id="farmereditor-roverbonanza-a9640e1d" start="1685024566336" dump="1685024569140"/><sessioninfo id="farmereditor-roverbonanza-93cb2ba8" start="1685025528976" dump="1685025531594"/><sessioninfo id="farmereditor-roverbonanza-9d02a607" start="1685039340619" dump="1685039343918"/><sessioninfo id="farmereditor-roverbonanza-b4b2d871" start="1685039405185" dump="1685039407949"/><sessioninfo id="farmereditor-roverbonanza-d0427cb5" start="1685039464690" dump="1685039467687"/><sessioninfo id="farmereditor-roverbonanza-a81b25b7" start="1685039500134" dump="1685039503597"/><sessioninfo id="farmereditor-roverbonanza-332f9a48" start="1685039807270" dump="1685039812713"/><sessioninfo id="farmereditor-roverbonanza-f3edfdb0" start="1685040762165" dump="1685040766179"/><sessioninfo id="farmereditor-roverbonanza-d76a5ff0" start="1685107514031" dump="1685107517310"/><sessioninfo id="farmereditor-roverbonanza-d1afe85d" start="1685107585548" dump="1685107588537"/><sessioninfo id="farmereditor-roverbonanza-830c0497" start="1685107761801" dump="1685107764861"/><sessioninfo id="farmereditor-roverbonanza-3dce2249" start="1685110620642" dump="1685110623559"/><sessioninfo id="farmereditor-roverbonanza-3ff7d7a0" start="1685110881706" dump="1685110884370"/><sessioninfo id="farmereditor-roverbonanza-94e52364" start="1685110919397" dump="1685110922158"/><sessioninfo id="farmereditor-roverbonanza-459e375a" start="1685111010289" dump="1685111013091"/><sessioninfo id="farmereditor-roverbonanza-9d01f383" start="1685111054451" dump="1685111057083"/><sessioninfo id="farmereditor-roverbonanza-91e705b9" start="1685111130187" dump="1685111133130"/><sessioninfo id="farmereditor-roverbonanza-c5ecd31e" start="1685111152620" dump="1685111155086"/><sessioninfo id="farmereditor-roverbonanza-360f8830" start="1685111241460" dump="1685111243954"/><sessioninfo id="farmereditor-roverbonanza-f06ffb3b" start="1685111313585" dump="1685111316553"/><sessioninfo id="farmereditor-roverbonanza-60143a25" start="1685436842359" dump="1685436847206"/><sessioninfo id="farmereditor-roverbonanza-d7e2173e" start="1685436981664" dump="1685436987629"/><sessioninfo id="farmereditor-roverbonanza-e6f6f933" start="1685437008260" dump="1685437011042"/><sessioninfo id="farmereditor-roverbonanza-6a42d479" start="1685437111179" dump="1685437114031"/><sessioninfo id="farmereditor-roverbonanza-66ccdcd0" start="1685438204064" dump="1685438207377"/><sessioninfo id="farmereditor-roverbonanza-35528921" start="1685438281432" dump="1685438284216"/><sessioninfo id="farmereditor-roverbonanza-2c19bf00" start="1685438450278" dump="1685438453150"/><sessioninfo id="farmereditor-roverbonanza-c8fee765" start="1685438940514" dump="1685438943632"/><sessioninfo id="farmereditor-roverbonanza-5981a4f4" start="1685439104005" dump="1685439107556"/><sessioninfo id="farmereditor-roverbonanza-adb9d589" start="1685439594776" dump="1685439597845"/><sessioninfo id="farmereditor-roverbonanza-5efd4e56" start="1685439631953" dump="1685439635036"/><sessioninfo id="farmereditor-roverbonanza-9a397dc8" start="1685440098151" dump="1685440101109"/><sessioninfo id="farmereditor-roverbonanza-38e21c81" start="1685440135169" dump="1685440138182"/><sessioninfo id="farmereditor-roverbonanza-707b59d" start="1685440144320" dump="1685440151490"/><sessioninfo id="farmereditor-roverbonanza-89c738ca" start="1685444429274" dump="1685444432839"/><sessioninfo id="farmereditor-roverbonanza-5814adf1" start="1685444439904" dump="1685444446688"/><sessioninfo id="farmereditor-roverbonanza-e8f845e6" start="1685528335986" dump="1685528340153"/><sessioninfo id="farmereditor-roverbonanza-66e39f0" start="1685528374840" dump="1685528377857"/><sessioninfo id="farmereditor-roverbonanza-c52c5316" start="1685528462986" dump="1685528465776"/><sessioninfo id="farmereditor-roverbonanza-ba5420e0" start="1685528677140" dump="1685528680010"/><sessioninfo id="farmereditor-roverbonanza-536b444f" start="1685528746004" dump="1685528748992"/><sessioninfo id="farmereditor-roverbonanza-a317970e" start="1685528819158" dump="1685528822048"/><sessioninfo id="farmereditor-roverbonanza-ef8cf420" start="1685528836342" dump="1685528839254"/><sessioninfo id="farmereditor-roverbonanza-8c975ac1" start="1685529018312" dump="1685529021141"/><sessioninfo id="farmereditor-roverbonanza-b37d96c9" start="1685529162508" dump="1685529165356"/><sessioninfo id="farmereditor-roverbonanza-c361dced" start="1685529219847" dump="1685529223502"/><sessioninfo id="farmereditor-roverbonanza-370e1a9c" start="1685529260117" dump="1685529262868"/><sessioninfo id="farmereditor-roverbonanza-66bf7084" start="1685529305832" dump="1685529309210"/><sessioninfo id="farmereditor-roverbonanza-8cb762ae" start="1685529372963" dump="1685529375883"/><sessioninfo id="farmereditor-roverbonanza-4d6df54f" start="1685529429462" dump="1685529432039"/><sessioninfo id="farmereditor-roverbonanza-211baf2a" start="1685529477986" dump="1685529480469"/><sessioninfo id="farmereditor-roverbonanza-d2cb13c" start="1685529572208" dump="1685529574950"/><sessioninfo id="farmereditor-roverbonanza-8afb0919" start="1685529601256" dump="1685529604192"/><sessioninfo id="farmereditor-roverbonanza-883d8aff" start="1685529635787" dump="1685529638262"/><sessioninfo id="farmereditor-roverbonanza-4897bdc7" start="1685529758124" dump="1685529760720"/><sessioninfo id="farmereditor-roverbonanza-7e66fb57" start="1685529802954" dump="1685529805855"/><sessioninfo id="farmereditor-roverbonanza-18e4e59e" start="1685529895424" dump="1685529896442"/><sessioninfo id="farmereditor-roverbonanza-ace9516e" start="1685529918947" dump="1685529919988"/><sessioninfo id="farmereditor-roverbonanza-99c6beb8" start="1685529934147" dump="1685529935672"/><sessioninfo id="farmereditor-roverbonanza-5c58e8ad" start="1685529978504" dump="1685529979521"/><sessioninfo id="farmereditor-roverbonanza-ba2f67c0" start="1685530088335" dump="1685530089340"/><sessioninfo id="farmereditor-roverbonanza-61679442" start="1685530098257" dump="1685530099321"/><sessioninfo id="farmereditor-roverbonanza-d502b7f3" start="1685530179975" dump="1685530182032"/><sessioninfo id="farmereditor-roverbonanza-beec82b9" start="1685530280713" dump="1685530281745"/><sessioninfo id="farmereditor-roverbonanza-6a7cf64e" start="1685530319974" dump="1685530320964"/><sessioninfo id="farmereditor-roverbonanza-2d84e080" start="1685530337283" dump="1685530338263"/><sessioninfo id="farmereditor-roverbonanza-d2190a35" start="1685530351928" dump="1685530352871"/><sessioninfo id="farmereditor-roverbonanza-80b612f6" start="1685530366897" dump="1685530367849"/><sessioninfo id="farmereditor-roverbonanza-21eb0636" start="1685530476757" dump="1685530477690"/><sessioninfo id="farmereditor-roverbonanza-4f7d7641" start="1685530509204" dump="1685530510205"/><sessioninfo id="farmereditor-roverbonanza-db7951bc" start="1685530546683" dump="1685530547624"/><sessioninfo id="farmereditor-roverbonanza-8d8607d3" start="1685530559249" dump="1685530560290"/><sessioninfo id="farmereditor-roverbonanza-dd4a4477" start="1685530695204" dump="1685530696162"/><sessioninfo id="farmereditor-roverbonanza-19e7fca0" start="1685530774065" dump="1685530775131"/><sessioninfo id="farmereditor-roverbonanza-d44a16a6" start="1685531195144" dump="1685531197654"/><sessioninfo id="farmereditor-roverbonanza-dc05f3e0" start="1685531445351" dump="1685531448998"/><sessioninfo id="farmereditor-roverbonanza-956defe0" start="1685531564927" dump="1685531569384"/><sessioninfo id="farmereditor-roverbonanza-a00a711" start="1685532873432" dump="1685532876713"/><sessioninfo id="farmereditor-roverbonanza-c163b7b7" start="1685533129919" dump="1685533132752"/><sessioninfo id="farmereditor-roverbonanza-643cc85f" start="1685606909933" dump="1685606914061"/><sessioninfo id="farmereditor-roverbonanza-fa10214" start="1685606920580" dump="1685606927681"/><sessioninfo id="farmereditor-roverbonanza-4c832a1c" start="1685607132291" dump="1685607137190"/><sessioninfo id="farmereditor-roverbonanza-a6263f9a" start="1685607177176" dump="1685607179704"/><sessioninfo id="farmereditor-roverbonanza-b16ff0c0" start="1685607186427" dump="1685607193878"/><sessioninfo id="farmereditor-roverbonanza-42d1d0a5" start="1685607454039" dump="1685607456714"/><sessioninfo id="farmereditor-roverbonanza-3566e9e8" start="1685607462797" dump="1685607468757"/><sessioninfo id="farmereditor-roverbonanza-a5d274f8" start="1685607963078" dump="1685607965930"/><sessioninfo id="farmereditor-roverbonanza-e88922f8" start="1685607973420" dump="1685607980088"/><sessioninfo id="farmereditor-roverbonanza-11d15be5" start="1685608324727" dump="1685608327576"/><sessioninfo id="farmereditor-roverbonanza-e8bdafe9" start="1685608335080" dump="1685608341573"/><sessioninfo id="farmereditor-roverbonanza-9c336140" start="1685608586320" dump="1685608589107"/><sessioninfo id="farmereditor-roverbonanza-50a7dd3d" start="1685608595769" dump="1685608602998"/><sessioninfo id="farmereditor-roverbonanza-b1796e91" start="1685608867152" dump="1685608870077"/><sessioninfo id="farmereditor-roverbonanza-1a1ff731" start="1685608876903" dump="1685608884018"/><sessioninfo id="farmereditor-roverbonanza-b5e71ed1" start="1685609741622" dump="1685609744568"/><sessioninfo id="farmereditor-roverbonanza-39c4512e" start="1685609751417" dump="1685609757941"/><sessioninfo id="farmereditor-roverbonanza-14e65a6c" start="1685609926582" dump="1685609929462"/><sessioninfo id="farmereditor-roverbonanza-d570d176" start="1685609935808" dump="1685609943667"/><sessioninfo id="farmereditor-roverbonanza-f65bc219" start="1685612475778" dump="1685612479666"/><sessioninfo id="farmereditor-roverbonanza-168724e6" start="1685612488220" dump="1685612496238"/><sessioninfo id="farmereditor-roverbonanza-b20ea16e" start="1685612645687" dump="1685612648378"/><sessioninfo id="farmereditor-roverbonanza-8805624" start="1685612655507" dump="1685612662235"/><sessioninfo id="farmereditor-roverbonanza-8edc10f9" start="1685612862817" dump="1685612865579"/><sessioninfo id="farmereditor-roverbonanza-aea1df44" start="1685612871914" dump="1685612878781"/><sessioninfo id="farmereditor-roverbonanza-87a4d05a" start="1685612987052" dump="1685612991896"/><sessioninfo id="farmereditor-roverbonanza-3caa6859" start="1685613017155" dump="1685613022559"/><sessioninfo id="farmereditor-roverbonanza-3dd7a756" start="1685613029059" dump="1685613034764"/><sessioninfo id="farmereditor-roverbonanza-3a6a796" start="1685613241748" dump="1685613246891"/><sessioninfo id="farmereditor-roverbonanza-55524b25" start="1685613253799" dump="1685613261267"/><sessioninfo id="farmereditor-roverbonanza-937ae526" start="1685613325796" dump="1685613332029"/><sessioninfo id="farmereditor-roverbonanza-555c806d" start="1685613338457" dump="1685613346163"/><sessioninfo id="farmereditor-roverbonanza-2899290a" start="1685613567736" dump="1685613572736"/><sessioninfo id="farmereditor-roverbonanza-4c027e85" start="1685613579946" dump="1685613586450"/><sessioninfo id="farmereditor-roverbonanza-247de8e7" start="1686122412204" dump="1686122422953"/><sessioninfo id="farmereditor-roverbonanza-3b631ba2" start="1686122430629" dump="1686122440776"/><sessioninfo id="farmereditor-roverbonanza-9251bde3" start="1686122512115" dump="1686122521820"/><sessioninfo id="farmereditor-roverbonanza-b8a2123d" start="1686122889277" dump="1686122901072"/><sessioninfo id="farmereditor-roverbonanza-c2ab08d4" start="1686122936060" dump="1686122943979"/><sessioninfo id="farmereditor-roverbonanza-6b08c3e8" start="1686133068983" dump="1686133081198"/><sessioninfo id="farmereditor-roverbonanza-bc58d4fb" start="1686133907123" dump="1686133912899"/><sessioninfo id="farmereditor-roverbonanza-e346383c" start="1686133921547" dump="1686133932185"/><package name="com/parkit/parkingsystem/service"><class name="com/parkit/parkingsystem/service/FareCalculatorService" sourcefilename="FareCalculatorService.java"><method name="&lt;init&gt;" desc="()V" line="6"><counter type="INSTRUCTION" missed="0" covered="3"/><counter type="LINE" missed="0" covered="1"/><counter type="COMPLEXITY" missed="0" covered="1"/><counter type="METHOD" missed="0" covered="1"/></method><method name="calculateFare" desc="(Lcom/parkit/parkingsystem/model/Ticket;Z)V" line="9"><counter type="INSTRUCTION" missed="5" covered="80"/><counter type="BRANCH" missed="2" covered="9"/><counter type="LINE" missed="1" covered="16"/><counter type="COMPLEXITY" missed="2" covered="5"/><counter type="METHOD" missed="0" covered="1"/></method><method name="calculateFare" desc="(Lcom/parkit/parkingsystem/model/Ticket;)V" line="48"><counter type="INSTRUCTION" missed="0" covered="5"/><counter type="LINE" missed="0" covered="2"/><counter type="COMPLEXITY" missed="0" covered="1"/><counter type="METHOD" missed="0" covered="1"/></method><counter type="INSTRUCTION" missed="5" covered="88"/><counter type="BRANCH" missed="2" covered="9"/><counter type="LINE" missed="1" covered="19"/><counter type="COMPLEXITY" missed="2" covered="7"/><counter type="METHOD" missed="0" covered="3"/><counter type="CLASS" missed="0" covered="1"/></class><class name="com/parkit/parkingsystem/service/ParkingService" sourcefilename="ParkingService.java"><method name="&lt;clinit&gt;" desc="()V" line="16"><counter type="INSTRUCTION" missed="0" covered="8"/><counter type="LINE" missed="0" covered="2"/><counter type="COMPLEXITY" missed="0" covered="1"/><counter type="METHOD" missed="0" covered="1"/></method><method name="&lt;init&gt;" desc="(Lcom/parkit/parkingsystem/util/InputReaderUtil;Lcom/parkit/parkingsystem/dao/ParkingSpotDAO;Lcom/parkit/parkingsystem/dao/TicketDAO;)V" line="24"><counter type="INSTRUCTION" missed="0" covered="12"/><counter type="LINE" missed="0" covered="5"/><counter type="COMPLEXITY" missed="0" covered="1"/><counter type="METHOD" missed="0" covered="1"/></method><method name="processIncomingVehicle" desc="()V" line="32"><counter type="INSTRUCTION" missed="5" covered="85"/><counter type="BRANCH" missed="2" covered="4"/><counter type="LINE" missed="1" covered="20"/><counter type="COMPLEXITY" missed="2" covered="2"/><counter type="METHOD" missed="0" covered="1"/></method><method name="getVehichleRegNumber" desc="()Ljava/lang/String;" line="61"><counter type="INSTRUCTION" missed="0" covered="7"/><counter type="LINE" missed="0" covered="2"/><counter type="COMPLEXITY" missed="0" covered="1"/><counter type="METHOD" missed="0" covered="1"/></method><method name="getNextParkingNumberIfAvailable" desc="()Lcom/parkit/parkingsystem/model/ParkingSpot;" line="66"><counter type="INSTRUCTION" missed="0" covered="40"/><counter type="BRANCH" missed="0" covered="2"/><counter type="LINE" missed="0" covered="13"/><counter type="COMPLEXITY" missed="0" covered="2"/><counter type="METHOD" missed="0" covered="1"/></method><method name="getVehichleType" desc="()Lcom/parkit/parkingsystem/constants/ParkingType;" line="85"><counter type="INSTRUCTION" missed="2" covered="25"/><counter type="BRANCH" missed="1" covered="2"/><counter type="LINE" missed="1" covered="8"/><counter type="COMPLEXITY" missed="1" covered="2"/><counter type="METHOD" missed="0" covered="1"/></method><method name="processExitingVehicle" desc="()V" line="105"><counter type="INSTRUCTION" missed="5" covered="76"/><counter type="BRANCH" missed="0" covered="4"/><counter type="LINE" missed="1" covered="18"/><counter type="COMPLEXITY" missed="0" covered="3"/><counter type="METHOD" missed="0" covered="1"/></method><counter type="INSTRUCTION" missed="12" covered="253"/><counter type="BRANCH" missed="3" covered="12"/><counter type="LINE" missed="3" covered="68"/><counter type="COMPLEXITY" missed="3" covered="12"/><counter type="METHOD" missed="0" covered="7"/><counter type="CLASS" missed="0" covered="1"/></class><class name="com/parkit/parkingsystem/service/InteractiveShell" sourcefilename="InteractiveShell.java"><method name="&lt;clinit&gt;" desc="()V" line="11"><counter type="INSTRUCTION" missed="4" covered="0"/><counter type="LINE" missed="1" covered="0"/><counter type="COMPLEXITY" missed="1" covered="0"/><counter type="METHOD" missed="1" covered="0"/></method><method name="&lt;init&gt;" desc="()V" line="9"><counter type="INSTRUCTION" missed="3" covered="0"/><counter type="LINE" missed="1" covered="0"/><counter type="COMPLEXITY" missed="1" covered="0"/><counter type="METHOD" missed="1" covered="0"/></method><method name="loadInterface" desc="()V" line="14"><counter type="INSTRUCTION" missed="52" covered="0"/><counter type="BRANCH" missed="6" covered="0"/><counter type="LINE" missed="20" covered="0"/><counter type="COMPLEXITY" missed="5" covered="0"/><counter type="METHOD" missed="1" covered="0"/></method><method name="loadMenu" desc="()V" line="46"><counter type="INSTRUCTION" missed="13" covered="0"/><counter type="LINE" missed="5" covered="0"/><counter type="COMPLEXITY" missed="1" covered="0"/><counter type="METHOD" missed="1" covered="0"/></method><counter type="INSTRUCTION" missed="72" covered="0"/><counter type="BRANCH" missed="6" covered="0"/><counter type="LINE" missed="27" covered="0"/><counter type="COMPLEXITY" missed="8" covered="0"/><counter type="METHOD" missed="4" covered="0"/><counter type="CLASS" missed="1" covered="0"/></class><sourcefile name="ParkingService.java"><line nr="16" mi="0" ci="3" mb="0" cb="0"/><line nr="18" mi="0" ci="5" mb="0" cb="0"/><line nr="24" mi="0" ci="2" mb="0" cb="0"/><line nr="25" mi="0" ci="3" mb="0" cb="0"/><line nr="26" mi="0" ci="3" mb="0" cb="0"/><line nr="27" mi="0" ci="3" mb="0" cb="0"/><line nr="28" mi="0" ci="1" mb="0" cb="0"/><line nr="32" mi="0" ci="3" mb="0" cb="0"/><line nr="33" mi="0" ci="5" mb="2" cb="2"/><line nr="34" mi="0" ci="3" mb="0" cb="0"/><line nr="35" mi="0" ci="3" mb="0" cb="0"/><line nr="36" mi="0" ci="5" mb="0" cb="0"/><line nr="38" mi="0" ci="4" mb="0" cb="0"/><line nr="39" mi="0" ci="4" mb="0" cb="0"/><line nr="42" mi="0" ci="3" mb="0" cb="0"/><line nr="43" mi="0" ci="3" mb="0" cb="0"/><line nr="44" mi="0" ci="3" mb="0" cb="0"/><line nr="45" mi="0" ci="3" mb="0" cb="0"/><line nr="46" mi="0" ci="3" mb="0" cb="0"/><line nr="47" mi="0" ci="5" mb="0" cb="0"/><line nr="48" mi="0" ci="3" mb="0" cb="0"/><line nr="49" mi="0" ci="7" mb="0" cb="2"/><line nr="50" mi="0" ci="3" mb="0" cb="0"/><line nr="52" mi="0" ci="10" mb="0" cb="0"/><line nr="53" mi="0" ci="13" mb="0" cb="0"/><line nr="55" mi="1" ci="1" mb="0" cb="0"/><line nr="56" mi="4" ci="0" mb="0" cb="0"/><line nr="58" mi="0" ci="1" mb="0" cb="0"/><line nr="61" mi="0" ci="3" mb="0" cb="0"/><line nr="62" mi="0" ci="4" mb="0" cb="0"/><line nr="66" mi="0" ci="2" mb="0" cb="0"/><line nr="67" mi="0" ci="2" mb="0" cb="0"/><line nr="69" mi="0" ci="3" mb="0" cb="0"/><line nr="70" mi="0" ci="5" mb="0" cb="0"/><line nr="71" mi="0" ci="2" mb="0" cb="2"/><line nr="72" mi="0" ci="7" mb="0" cb="0"/><line nr="73" mi="0" ci="1" mb="0" cb="0"/><line nr="74" mi="0" ci="5" mb="0" cb="0"/><line nr="76" mi="0" ci="1" mb="0" cb="0"/><line nr="77" mi="0" ci="5" mb="0" cb="0"/><line nr="78" mi="0" ci="1" mb="0" cb="0"/><line nr="79" mi="0" ci="4" mb="0" cb="0"/><line nr="81" mi="0" ci="2" mb="0" cb="0"/><line nr="85" mi="0" ci="3" mb="0" cb="0"/><line nr="86" mi="0" ci="3" mb="0" cb="0"/><line nr="87" mi="0" ci="3" mb="0" cb="0"/><line nr="88" mi="0" ci="4" mb="0" cb="0"/><line nr="89" mi="0" ci="2" mb="1" cb="2"/><line nr="91" mi="0" ci="2" mb="0" cb="0"/><line nr="94" mi="2" ci="0" mb="0" cb="0"/><line nr="97" mi="0" ci="3" mb="0" cb="0"/><line nr="98" mi="0" ci="5" mb="0" cb="0"/><line nr="105" mi="0" ci="3" mb="0" cb="0"/><line nr="106" mi="0" ci="5" mb="0" cb="0"/><line nr="107" mi="0" ci="4" mb="0" cb="0"/><line nr="108" mi="0" ci="3" mb="0" cb="0"/><line nr="109" mi="0" ci="7" mb="0" cb="2"/><line nr="110" mi="0" ci="4" mb="0" cb="0"/><line nr="111" mi="0" ci="1" mb="0" cb="0"/><line nr="113" mi="0" ci="3" mb="0" cb="0"/><line nr="115" mi="0" ci="5" mb="0" cb="2"/><line nr="116" mi="0" ci="3" mb="0" cb="0"/><line nr="117" mi="0" ci="3" mb="0" cb="0"/><line nr="118" mi="0" ci="5" mb="0" cb="0"/><line nr="119" mi="0" ci="10" mb="0" cb="0"/><line nr="120" mi="0" ci="14" mb="0" cb="0"/><line nr="121" mi="0" ci="1" mb="0" cb="0"/><line nr="122" mi="0" ci="3" mb="0" cb="0"/><line nr="124" mi="1" ci="1" mb="0" cb="0"/><line nr="125" mi="4" ci="0" mb="0" cb="0"/><line nr="127" mi="0" ci="1" mb="0" cb="0"/><counter type="INSTRUCTION" missed="12" covered="253"/><counter type="BRANCH" missed="3" covered="12"/><counter type="LINE" missed="3" covered="68"/><counter type="COMPLEXITY" missed="3" covered="12"/><counter type="METHOD" missed="0" covered="7"/><counter type="CLASS" missed="0" covered="1"/></sourcefile><sourcefile name="InteractiveShell.java"><line nr="9" mi="3" ci="0" mb="0" cb="0"/><line nr="11" mi="4" ci="0" mb="0" cb="0"/><line nr="14" mi="3" ci="0" mb="0" cb="0"/><line nr="15" mi="3" ci="0" mb="0" cb="0"/><line nr="17" mi="2" ci="0" mb="0" cb="0"/><line nr="18" mi="4" ci="0" mb="0" cb="0"/><line nr="19" mi="4" ci="0" mb="0" cb="0"/><line nr="20" mi="4" ci="0" mb="0" cb="0"/><line nr="21" mi="7" ci="0" mb="0" cb="0"/><line nr="23" mi="3" ci="0" mb="2" cb="0"/><line nr="24" mi="1" ci="0" mb="0" cb="0"/><line nr="25" mi="3" ci="0" mb="0" cb="0"/><line nr="26" mi="2" ci="0" mb="4" cb="0"/><line nr="28" mi="2" ci="0" mb="0" cb="0"/><line nr="29" mi="1" ci="0" mb="0" cb="0"/><line nr="32" mi="2" ci="0" mb="0" cb="0"/><line nr="33" mi="1" ci="0" mb="0" cb="0"/><line nr="36" mi="3" ci="0" mb="0" cb="0"/><line nr="37" mi="2" ci="0" mb="0" cb="0"/><line nr="38" mi="1" ci="0" mb="0" cb="0"/><line nr="40" mi="3" ci="0" mb="0" cb="0"/><line nr="43" mi="1" ci="0" mb="0" cb="0"/><line nr="46" mi="3" ci="0" mb="0" cb="0"/><line nr="47" mi="3" ci="0" mb="0" cb="0"/><line nr="48" mi="3" ci="0" mb="0" cb="0"/><line nr="49" mi="3" ci="0" mb="0" cb="0"/><line nr="50" mi="1" ci="0" mb="0" cb="0"/><counter type="INSTRUCTION" missed="72" covered="0"/><counter type="BRANCH" missed="6" covered="0"/><counter type="LINE" missed="27" covered="0"/><counter type="COMPLEXITY" missed="8" covered="0"/><counter type="METHOD" missed="4" covered="0"/><counter type="CLASS" missed="1" covered="0"/></sourcefile><sourcefile name="FareCalculatorService.java"><line nr="6" mi="0" ci="3" mb="0" cb="0"/><line nr="9" mi="0" ci="9" mb="1" cb="3"/><line nr="10" mi="0" ci="13" mb="0" cb="0"/><line nr="13" mi="0" ci="4" mb="0" cb="0"/><line nr="14" mi="0" ci="4" mb="0" cb="0"/><line nr="17" mi="0" ci="12" mb="0" cb="0"/><line nr="19" mi="0" ci="4" mb="0" cb="2"/><line nr="20" mi="0" ci="3" mb="0" cb="0"/><line nr="21" mi="0" ci="1" mb="0" cb="0"/><line nr="24" mi="0" ci="7" mb="1" cb="2"/><line nr="27" mi="0" ci="5" mb="0" cb="0"/><line nr="29" mi="0" ci="1" mb="0" cb="0"/><line nr="33" mi="0" ci="5" mb="0" cb="0"/><line nr="35" mi="0" ci="1" mb="0" cb="0"/><line nr="37" mi="5" ci="0" mb="0" cb="0"/><line nr="42" mi="0" ci="2" mb="0" cb="2"/><line nr="43" mi="0" ci="8" mb="0" cb="0"/><line nr="45" mi="0" ci="1" mb="0" cb="0"/><line nr="48" mi="0" ci="4" mb="0" cb="0"/><line nr="49" mi="0" ci="1" mb="0" cb="0"/><counter type="INSTRUCTION" missed="5" covered="88"/><counter type="BRANCH" missed="2" covered="9"/><counter type="LINE" missed="1" covered="19"/><counter type="COMPLEXITY" missed="2" covered="7"/><counter type="METHOD" missed="0" covered="3"/><counter type="CLASS" missed="0" covered="1"/></sourcefile><counter type="INSTRUCTION" missed="89" covered="341"/><counter type="BRANCH" missed="11" covered="21"/><counter type="LINE" missed="31" covered="87"/><counter type="COMPLEXITY" missed="13" covered="19"/><counter type="METHOD" missed="4" covered="10"/><counter type="CLASS" missed="1" covered="2"/></package><package name="com/parkit/parkingsystem"><class name="com/parkit/parkingsystem/App" sourcefilename="App.java"><method name="&lt;clinit&gt;" desc="()V" line="8"><counter type="INSTRUCTION" missed="4" covered="0"/><counter type="LINE" missed="1" covered="0"/><counter type="COMPLEXITY" missed="1" covered="0"/><counter type="METHOD" missed="1" covered="0"/></method><method name="&lt;init&gt;" desc="()V" line="7"><counter type="INSTRUCTION" missed="3" covered="0"/><counter type="LINE" missed="1" covered="0"/><counter type="COMPLEXITY" missed="1" covered="0"/><counter type="METHOD" missed="1" covered="0"/></method><method name="main" desc="([Ljava/lang/String;)V" line="10"><counter type="INSTRUCTION" missed="5" covered="0"/><counter type="LINE" missed="3" covered="0"/><counter type="COMPLEXITY" missed="1" covered="0"/><counter type="METHOD" missed="1" covered="0"/></method><counter type="INSTRUCTION" missed="12" covered="0"/><counter type="LINE" missed="5" covered="0"/><counter type="COMPLEXITY" missed="3" covered="0"/><counter type="METHOD" missed="3" covered="0"/><counter type="CLASS" missed="1" covered="0"/></class><sourcefile name="App.java"><line nr="7" mi="3" ci="0" mb="0" cb="0"/><line nr="8" mi="4" ci="0" mb="0" cb="0"/><line nr="10" mi="3" ci="0" mb="0" cb="0"/><line nr="11" mi="1" ci="0" mb="0" cb="0"/><line nr="12" mi="1" ci="0" mb="0" cb="0"/><counter type="INSTRUCTION" missed="12" covered="0"/><counter type="LINE" missed="5" covered="0"/><counter type="COMPLEXITY" missed="3" covered="0"/><counter type="METHOD" missed="3" covered="0"/><counter type="CLASS" missed="1" covered="0"/></sourcefile><counter type="INSTRUCTION" missed="12" covered="0"/><counter type="LINE" missed="5" covered="0"/><counter type="COMPLEXITY" missed="3" covered="0"/><counter type="METHOD" missed="3" covered="0"/><counter type="CLASS" missed="1" covered="0"/></package><package name="com/parkit/parkingsystem/model"><class name="com/parkit/parkingsystem/model/ParkingSpot" sourcefilename="ParkingSpot.java"><method name="&lt;init&gt;" desc="(ILcom/parkit/parkingsystem/constants/ParkingType;Z)V" line="10"><counter type="INSTRUCTION" missed="0" covered="12"/><counter type="LINE" missed="0" covered="5"/><counter type="COMPLEXITY" missed="0" covered="1"/><counter type="METHOD" missed="0" covered="1"/></method><method name="getId" desc="()I" line="17"><counter type="INSTRUCTION" missed="0" covered="3"/><counter type="LINE" missed="0" covered="1"/><counter type="COMPLEXITY" missed="0" covered="1"/><counter type="METHOD" missed="0" covered="1"/></method><method name="setId" desc="(I)V" line="21"><counter type="INSTRUCTION" missed="4" covered="0"/><counter type="LINE" missed="2" covered="0"/><counter type="COMPLEXITY" missed="1" covered="0"/><counter type="METHOD" missed="1" covered="0"/></method><method name="getParkingType" desc="()Lcom/parkit/parkingsystem/constants/ParkingType;" line="25"><counter type="INSTRUCTION" missed="0" covered="3"/><counter type="LINE" missed="0" covered="1"/><counter type="COMPLEXITY" missed="0" covered="1"/><counter type="METHOD" missed="0" covered="1"/></method><method name="setParkingType" desc="(Lcom/parkit/parkingsystem/constants/ParkingType;)V" line="29"><counter type="INSTRUCTION" missed="4" covered="0"/><counter type="LINE" missed="2" covered="0"/><counter type="COMPLEXITY" missed="1" covered="0"/><counter type="METHOD" missed="1" covered="0"/></method><method name="isAvailable" desc="()Z" line="33"><counter type="INSTRUCTION" missed="0" covered="3"/><counter type="LINE" missed="0" covered="1"/><counter type="COMPLEXITY" missed="0" covered="1"/><counter type="METHOD" missed="0" covered="1"/></method><method name="setAvailable" desc="(Z)V" line="37"><counter type="INSTRUCTION" missed="0" covered="4"/><counter type="LINE" missed="0" covered="2"/><counter type="COMPLEXITY" missed="0" covered="1"/><counter type="METHOD" missed="0" covered="1"/></method><counter type="INSTRUCTION" missed="8" covered="25"/><counter type="LINE" missed="4" covered="10"/><counter type="COMPLEXITY" missed="2" covered="5"/><counter type="METHOD" missed="2" covered="5"/><counter type="CLASS" missed="0" covered="1"/></class><class name="com/parkit/parkingsystem/model/Ticket" sourcefilename="Ticket.java"><method name="&lt;init&gt;" desc="()V" line="6"><counter type="INSTRUCTION" missed="0" covered="3"/><counter type="LINE" missed="0" covered="1"/><counter type="COMPLEXITY" missed="0" covered="1"/><counter type="METHOD" missed="0" covered="1"/></method><method name="getId" desc="()I" line="15"><counter type="INSTRUCTION" missed="0" covered="3"/><counter type="LINE" missed="0" covered="1"/><counter type="COMPLEXITY" missed="0" covered="1"/><counter type="METHOD" missed="0" covered="1"/></method><method name="setId" desc="(I)V" line="19"><counter type="INSTRUCTION" missed="0" covered="4"/><counter type="LINE" missed="0" covered="2"/><counter type="COMPLEXITY" missed="0" covered="1"/><counter type="METHOD" missed="0" covered="1"/></method><method name="getParkingSpot" desc="()Lcom/parkit/parkingsystem/model/ParkingSpot;" line="23"><counter type="INSTRUCTION" missed="0" covered="3"/><counter type="LINE" missed="0" covered="1"/><counter type="COMPLEXITY" missed="0" covered="1"/><counter type="METHOD" missed="0" covered="1"/></method><method name="setParkingSpot" desc="(Lcom/parkit/parkingsystem/model/ParkingSpot;)V" line="27"><counter type="INSTRUCTION" missed="0" covered="4"/><counter type="LINE" missed="0" covered="2"/><counter type="COMPLEXITY" missed="0" covered="1"/><counter type="METHOD" missed="0" covered="1"/></method><method name="getVehicleRegNumber" desc="()Ljava/lang/String;" line="31"><counter type="INSTRUCTION" missed="0" covered="3"/><counter type="LINE" missed="0" covered="1"/><counter type="COMPLEXITY" missed="0" covered="1"/><counter type="METHOD" missed="0" covered="1"/></method><method name="setVehicleRegNumber" desc="(Ljava/lang/String;)V" line="35"><counter type="INSTRUCTION" missed="0" covered="4"/><counter type="LINE" missed="0" covered="2"/><counter type="COMPLEXITY" missed="0" covered="1"/><counter type="METHOD" missed="0" covered="1"/></method><method name="getPrice" desc="()D" line="39"><counter type="INSTRUCTION" missed="0" covered="3"/><counter type="LINE" missed="0" covered="1"/><counter type="COMPLEXITY" missed="0" covered="1"/><counter type="METHOD" missed="0" covered="1"/></method><method name="setPrice" desc="(D)V" line="43"><counter type="INSTRUCTION" missed="0" covered="4"/><counter type="LINE" missed="0" covered="2"/><counter type="COMPLEXITY" missed="0" covered="1"/><counter type="METHOD" missed="0" covered="1"/></method><method name="getInTime" desc="()Ljava/util/Date;" line="47"><counter type="INSTRUCTION" missed="0" covered="3"/><counter type="LINE" missed="0" covered="1"/><counter type="COMPLEXITY" missed="0" covered="1"/><counter type="METHOD" missed="0" covered="1"/></method><method name="setInTime" desc="(Ljava/util/Date;)V" line="51"><counter type="INSTRUCTION" missed="0" covered="4"/><counter type="LINE" missed="0" covered="2"/><counter type="COMPLEXITY" missed="0" covered="1"/><counter type="METHOD" missed="0" covered="1"/></method><method name="getOutTime" desc="()Ljava/util/Date;" line="55"><counter type="INSTRUCTION" missed="0" covered="3"/><counter type="LINE" missed="0" covered="1"/><counter type="COMPLEXITY" missed="0" covered="1"/><counter type="METHOD" missed="0" covered="1"/></method><method name="setOutTime" desc="(Ljava/util/Date;)V" line="59"><counter type="INSTRUCTION" missed="0" covered="4"/><counter type="LINE" missed="0" covered="2"/><counter type="COMPLEXITY" missed="0" covered="1"/><counter type="METHOD" missed="0" covered="1"/></method><counter type="INSTRUCTION" missed="0" covered="45"/><counter type="LINE" missed="0" covered="19"/><counter type="COMPLEXITY" missed="0" covered="13"/><counter type="METHOD" missed="0" covered="13"/><counter type="CLASS" missed="0" covered="1"/></class><sourcefile name="Ticket.java"><line nr="6" mi="0" ci="3" mb="0" cb="0"/><line nr="15" mi="0" ci="3" mb="0" cb="0"/><line nr="19" mi="0" ci="3" mb="0" cb="0"/><line nr="20" mi="0" ci="1" mb="0" cb="0"/><line nr="23" mi="0" ci="3" mb="0" cb="0"/><line nr="27" mi="0" ci="3" mb="0" cb="0"/><line nr="28" mi="0" ci="1" mb="0" cb="0"/><line nr="31" mi="0" ci="3" mb="0" cb="0"/><line nr="35" mi="0" ci="3" mb="0" cb="0"/><line nr="36" mi="0" ci="1" mb="0" cb="0"/><line nr="39" mi="0" ci="3" mb="0" cb="0"/><line nr="43" mi="0" ci="3" mb="0" cb="0"/><line nr="44" mi="0" ci="1" mb="0" cb="0"/><line nr="47" mi="0" ci="3" mb="0" cb="0"/><line nr="51" mi="0" ci="3" mb="0" cb="0"/><line nr="52" mi="0" ci="1" mb="0" cb="0"/><line nr="55" mi="0" ci="3" mb="0" cb="0"/><line nr="59" mi="0" ci="3" mb="0" cb="0"/><line nr="60" mi="0" ci="1" mb="0" cb="0"/><counter type="INSTRUCTION" missed="0" covered="45"/><counter type="LINE" missed="0" covered="19"/><counter type="COMPLEXITY" missed="0" covered="13"/><counter type="METHOD" missed="0" covered="13"/><counter type="CLASS" missed="0" covered="1"/></sourcefile><sourcefile name="ParkingSpot.java"><line nr="10" mi="0" ci="2" mb="0" cb="0"/><line nr="11" mi="0" ci="3" mb="0" cb="0"/><line nr="12" mi="0" ci="3" mb="0" cb="0"/><line nr="13" mi="0" ci="3" mb="0" cb="0"/><line nr="14" mi="0" ci="1" mb="0" cb="0"/><line nr="17" mi="0" ci="3" mb="0" cb="0"/><line nr="21" mi="3" ci="0" mb="0" cb="0"/><line nr="22" mi="1" ci="0" mb="0" cb="0"/><line nr="25" mi="0" ci="3" mb="0" cb="0"/><line nr="29" mi="3" ci="0" mb="0" cb="0"/><line nr="30" mi="1" ci="0" mb="0" cb="0"/><line nr="33" mi="0" ci="3" mb="0" cb="0"/><line nr="37" mi="0" ci="3" mb="0" cb="0"/><line nr="38" mi="0" ci="1" mb="0" cb="0"/><counter type="INSTRUCTION" missed="8" covered="25"/><counter type="LINE" missed="4" covered="10"/><counter type="COMPLEXITY" missed="2" covered="5"/><counter type="METHOD" missed="2" covered="5"/><counter type="CLASS" missed="0" covered="1"/></sourcefile><counter type="INSTRUCTION" missed="8" covered="70"/><counter type="LINE" missed="4" covered="29"/><counter type="COMPLEXITY" missed="2" covered="18"/><counter type="METHOD" missed="2" covered="18"/><counter type="CLASS" missed="0" covered="2"/></package><package name="com/parkit/parkingsystem/constants"><class name="com/parkit/parkingsystem/constants/Fare" sourcefilename="Fare.java"><method name="&lt;init&gt;" desc="()V" line="3"><counter type="INSTRUCTION" missed="3" covered="0"/><counter type="LINE" missed="1" covered="0"/><counter type="COMPLEXITY" missed="1" covered="0"/><counter type="METHOD" missed="1" covered="0"/></method><counter type="INSTRUCTION" missed="3" covered="0"/><counter type="LINE" missed="1" covered="0"/><counter type="COMPLEXITY" missed="1" covered="0"/><counter type="METHOD" missed="1" covered="0"/><counter type="CLASS" missed="1" covered="0"/></class><class name="com/parkit/parkingsystem/constants/ParkingType" sourcefilename="ParkingType.java"><method name="&lt;clinit&gt;" desc="()V" line="3"><counter type="INSTRUCTION" missed="0" covered="24"/><counter type="LINE" missed="0" covered="3"/><counter type="COMPLEXITY" missed="0" covered="1"/><counter type="METHOD" missed="0" covered="1"/></method><counter type="INSTRUCTION" missed="0" covered="24"/><counter type="LINE" missed="0" covered="3"/><counter type="COMPLEXITY" missed="0" covered="1"/><counter type="METHOD" missed="0" covered="1"/><counter type="CLASS" missed="0" covered="1"/></class><class name="com/parkit/parkingsystem/constants/DBConstants" sourcefilename="DBConstants.java"><method name="&lt;init&gt;" desc="()V" line="3"><counter type="INSTRUCTION" missed="3" covered="0"/><counter type="LINE" missed="1" covered="0"/><counter type="COMPLEXITY" missed="1" covered="0"/><counter type="METHOD" missed="1" covered="0"/></method><counter type="INSTRUCTION" missed="3" covered="0"/><counter type="LINE" missed="1" covered="0"/><counter type="COMPLEXITY" missed="1" covered="0"/><counter type="METHOD" missed="1" covered="0"/><counter type="CLASS" missed="1" covered="0"/></class><sourcefile name="DBConstants.java"><line nr="3" mi="3" ci="0" mb="0" cb="0"/><counter type="INSTRUCTION" missed="3" covered="0"/><counter type="LINE" missed="1" covered="0"/><counter type="COMPLEXITY" missed="1" covered="0"/><counter type="METHOD" missed="1" covered="0"/><counter type="CLASS" missed="1" covered="0"/></sourcefile><sourcefile name="ParkingType.java"><line nr="3" mi="0" ci="12" mb="0" cb="0"/><line nr="4" mi="0" ci="6" mb="0" cb="0"/><line nr="5" mi="0" ci="6" mb="0" cb="0"/><counter type="INSTRUCTION" missed="0" covered="24"/><counter type="LINE" missed="0" covered="3"/><counter type="COMPLEXITY" missed="0" covered="1"/><counter type="METHOD" missed="0" covered="1"/><counter type="CLASS" missed="0" covered="1"/></sourcefile><sourcefile name="Fare.java"><line nr="3" mi="3" ci="0" mb="0" cb="0"/><counter type="INSTRUCTION" missed="3" covered="0"/><counter type="LINE" missed="1" covered="0"/><counter type="COMPLEXITY" missed="1" covered="0"/><counter type="METHOD" missed="1" covered="0"/><counter type="CLASS" missed="1" covered="0"/></sourcefile><counter type="INSTRUCTION" missed="6" covered="24"/><counter type="LINE" missed="2" covered="3"/><counter type="COMPLEXITY" missed="2" covered="1"/><counter type="METHOD" missed="2" covered="1"/><counter type="CLASS" missed="2" covered="1"/></package><package name="com/parkit/parkingsystem/util"><class name="com/parkit/parkingsystem/util/InputReaderUtil" sourcefilename="InputReaderUtil.java"><method name="&lt;clinit&gt;" desc="()V" line="10"><counter type="INSTRUCTION" missed="0" covered="9"/><counter type="LINE" missed="0" covered="2"/><counter type="COMPLEXITY" missed="0" covered="1"/><counter type="METHOD" missed="0" covered="1"/></method><method name="&lt;init&gt;" desc="()V" line="8"><counter type="INSTRUCTION" missed="3" covered="0"/><counter type="LINE" missed="1" covered="0"/><counter type="COMPLEXITY" missed="1" covered="0"/><counter type="METHOD" missed="1" covered="0"/></method><method name="readSelection" desc="()I" line="15"><counter type="INSTRUCTION" missed="16" covered="0"/><counter type="LINE" missed="6" covered="0"/><counter type="COMPLEXITY" missed="1" covered="0"/><counter type="METHOD" missed="1" covered="0"/></method><method name="readVehicleRegistrationNumber" desc="()Ljava/lang/String;" line="26"><counter type="INSTRUCTION" missed="26" covered="0"/><counter type="BRANCH" missed="4" covered="0"/><counter type="LINE" missed="8" covered="0"/><counter type="COMPLEXITY" missed="3" covered="0"/><counter type="METHOD" missed="1" covered="0"/></method><counter type="INSTRUCTION" missed="45" covered="9"/><counter type="BRANCH" missed="4" covered="0"/><counter type="LINE" missed="15" covered="2"/><counter type="COMPLEXITY" missed="5" covered="1"/><counter type="METHOD" missed="3" covered="1"/><counter type="CLASS" missed="0" covered="1"/></class><sourcefile name="InputReaderUtil.java"><line nr="8" mi="3" ci="0" mb="0" cb="0"/><line nr="10" mi="0" ci="5" mb="0" cb="0"/><line nr="11" mi="0" ci="4" mb="0" cb="0"/><line nr="15" mi="4" ci="0" mb="0" cb="0"/><line nr="16" mi="2" ci="0" mb="0" cb="0"/><line nr="17" mi="1" ci="0" mb="0" cb="0"/><line nr="18" mi="4" ci="0" mb="0" cb="0"/><line nr="19" mi="3" ci="0" mb="0" cb="0"/><line nr="20" mi="2" ci="0" mb="0" cb="0"/><line nr="26" mi="3" ci="0" mb="0" cb="0"/><line nr="27" mi="6" ci="0" mb="4" cb="0"/><line nr="28" mi="5" ci="0" mb="0" cb="0"/><line nr="30" mi="2" ci="0" mb="0" cb="0"/><line nr="31" mi="1" ci="0" mb="0" cb="0"/><line nr="32" mi="4" ci="0" mb="0" cb="0"/><line nr="33" mi="3" ci="0" mb="0" cb="0"/><line nr="34" mi="2" ci="0" mb="0" cb="0"/><counter type="INSTRUCTION" missed="45" covered="9"/><counter type="BRANCH" missed="4" covered="0"/><counter type="LINE" missed="15" covered="2"/><counter type="COMPLEXITY" missed="5" covered="1"/><counter type="METHOD" missed="3" covered="1"/><counter type="CLASS" missed="0" covered="1"/></sourcefile><counter type="INSTRUCTION" missed="45" covered="9"/><counter type="BRANCH" missed="4" covered="0"/><counter type="LINE" missed="15" covered="2"/><counter type="COMPLEXITY" missed="5" covered="1"/><counter type="METHOD" missed="3" covered="1"/><counter type="CLASS" missed="0" covered="1"/></package><package name="com/parkit/parkingsystem/dao"><class name="com/parkit/parkingsystem/dao/TicketDAO" sourcefilename="TicketDAO.java"><method name="&lt;clinit&gt;" desc="()V" line="18"><counter type="INSTRUCTION" missed="0" covered="4"/><counter type="LINE" missed="0" covered="1"/><counter type="COMPLEXITY" missed="0" covered="1"/><counter type="METHOD" missed="0" covered="1"/></method><method name="&lt;init&gt;" desc="()V" line="16"><counter type="INSTRUCTION" missed="0" covered="8"/><counter type="LINE" missed="0" covered="2"/><counter type="COMPLEXITY" missed="0" covered="1"/><counter type="METHOD" missed="0" covered="1"/></method><method name="saveTicket" desc="(Lcom/parkit/parkingsystem/model/Ticket;)Z" line="23"><counter type="INSTRUCTION" missed="13" covered="53"/><counter type="BRANCH" missed="1" covered="1"/><counter type="LINE" missed="3" covered="11"/><counter type="COMPLEXITY" missed="1" covered="1"/><counter type="METHOD" missed="0" covered="1"/></method><method name="getTicket" desc="(Ljava/lang/String;)Lcom/parkit/parkingsystem/model/Ticket;" line="44"><counter type="INSTRUCTION" missed="7" covered="80"/><counter type="BRANCH" missed="1" covered="1"/><counter type="LINE" missed="2" covered="20"/><counter type="COMPLEXITY" missed="1" covered="1"/><counter type="METHOD" missed="0" covered="1"/></method><method name="updateTicket" desc="(Lcom/parkit/parkingsystem/model/Ticket;)Z" line="73"><counter type="INSTRUCTION" missed="7" covered="38"/><counter type="LINE" missed="3" covered="9"/><counter type="COMPLEXITY" missed="0" covered="1"/><counter type="METHOD" missed="0" covered="1"/></method><method name="getNbTicket" desc="(Ljava/lang/String;)I" line="91"><counter type="INSTRUCTION" missed="5" covered="41"/><counter type="LINE" missed="1" covered="13"/><counter type="COMPLEXITY" missed="0" covered="1"/><counter type="METHOD" missed="0" covered="1"/></method><counter type="INSTRUCTION" missed="32" covered="224"/><counter type="BRANCH" missed="2" covered="2"/><counter type="LINE" missed="9" covered="56"/><counter type="COMPLEXITY" missed="2" covered="6"/><counter type="METHOD" missed="0" covered="6"/><counter type="CLASS" missed="0" covered="1"/></class><class name="com/parkit/parkingsystem/dao/ParkingSpotDAO" sourcefilename="ParkingSpotDAO.java"><method name="&lt;clinit&gt;" desc="()V" line="15"><counter type="INSTRUCTION" missed="0" covered="4"/><counter type="LINE" missed="0" covered="1"/><counter type="COMPLEXITY" missed="0" covered="1"/><counter type="METHOD" missed="0" covered="1"/></method><method name="&lt;init&gt;" desc="()V" line="14"><counter type="INSTRUCTION" missed="0" covered="8"/><counter type="LINE" missed="0" covered="2"/><counter type="COMPLEXITY" missed="0" covered="1"/><counter type="METHOD" missed="0" covered="1"/></method><method name="getNextAvailableSlot" desc="(Lcom/parkit/parkingsystem/constants/ParkingType;)I" line="20"><counter type="INSTRUCTION" missed="5" covered="42"/><counter type="BRANCH" missed="1" covered="1"/><counter type="LINE" missed="1" covered="13"/><counter type="COMPLEXITY" missed="1" covered="1"/><counter type="METHOD" missed="0" covered="1"/></method><method name="updateParking" desc="(Lcom/parkit/parkingsystem/model/ParkingSpot;)Z" line="42"><counter type="INSTRUCTION" missed="8" covered="39"/><counter type="BRANCH" missed="1" covered="1"/><counter type="LINE" missed="3" covered="9"/><counter type="COMPLEXITY" missed="1" covered="1"/><counter type="METHOD" missed="0" covered="1"/></method><counter type="INSTRUCTION" missed="13" covered="93"/><counter type="BRANCH" missed="2" covered="2"/><counter type="LINE" missed="4" covered="25"/><counter type="COMPLEXITY" missed="2" covered="4"/><counter type="METHOD" missed="0" covered="4"/><counter type="CLASS" missed="0" covered="1"/></class><sourcefile name="ParkingSpotDAO.java"><line nr="14" mi="0" ci="3" mb="0" cb="0"/><line nr="15" mi="0" ci="4" mb="0" cb="0"/><line nr="17" mi="0" ci="5" mb="0" cb="0"/><line nr="20" mi="0" ci="2" mb="0" cb="0"/><line nr="21" mi="0" ci="2" mb="0" cb="0"/><line nr="23" mi="0" ci="4" mb="0" cb="0"/><line nr="24" mi="0" ci="4" mb="0" cb="0"/><line nr="25" mi="0" ci="5" mb="0" cb="0"/><line nr="26" mi="0" ci="3" mb="0" cb="0"/><line nr="27" mi="0" ci="3" mb="1" cb="1"/><line nr="28" mi="0" ci="4" mb="0" cb="0"/><line nr="30" mi="0" ci="4" mb="0" cb="0"/><line nr="31" mi="0" ci="4" mb="0" cb="0"/><line nr="32" mi="1" ci="1" mb="0" cb="0"/><line nr="33" mi="4" ci="0" mb="0" cb="0"/><line nr="35" mi="0" ci="4" mb="0" cb="0"/><line nr="37" mi="0" ci="2" mb="0" cb="0"/><line nr="42" mi="0" ci="2" mb="0" cb="0"/><line nr="44" mi="0" ci="4" mb="0" cb="0"/><line nr="45" mi="0" ci="4" mb="0" cb="0"/><line nr="46" mi="0" ci="5" mb="0" cb="0"/><line nr="47" mi="0" ci="5" mb="0" cb="0"/><line nr="48" mi="0" ci="3" mb="0" cb="0"/><line nr="49" mi="0" ci="4" mb="0" cb="0"/><line nr="50" mi="1" ci="8" mb="1" cb="1"/><line nr="51" mi="1" ci="0" mb="0" cb="0"/><line nr="52" mi="4" ci="0" mb="0" cb="0"/><line nr="53" mi="2" ci="0" mb="0" cb="0"/><line nr="55" mi="0" ci="4" mb="0" cb="0"/><counter type="INSTRUCTION" missed="13" covered="93"/><counter type="BRANCH" missed="2" covered="2"/><counter type="LINE" missed="4" covered="25"/><counter type="COMPLEXITY" missed="2" covered="4"/><counter type="METHOD" missed="0" covered="4"/><counter type="CLASS" missed="0" covered="1"/></sourcefile><sourcefile name="TicketDAO.java"><line nr="16" mi="0" ci="3" mb="0" cb="0"/><line nr="18" mi="0" ci="4" mb="0" cb="0"/><line nr="20" mi="0" ci="5" mb="0" cb="0"/><line nr="23" mi="0" ci="2" mb="0" cb="0"/><line nr="25" mi="0" ci="4" mb="0" cb="0"/><line nr="26" mi="0" ci="4" mb="0" cb="0"/><line nr="29" mi="0" ci="6" mb="0" cb="0"/><line nr="30" mi="0" ci="5" mb="0" cb="0"/><line nr="31" mi="0" ci="5" mb="0" cb="0"/><line nr="32" mi="0" ci="9" mb="0" cb="0"/><line nr="33" mi="6" ci="8" mb="1" cb="1"/><line nr="34" mi="0" ci="4" mb="0" cb="0"/><line nr="35" mi="1" ci="0" mb="0" cb="0"/><line nr="36" mi="5" ci="0" mb="0" cb="0"/><line nr="37" mi="1" ci="0" mb="0" cb="0"/><line nr="38" mi="0" ci="4" mb="0" cb="0"/><line nr="39" mi="0" ci="2" mb="0" cb="0"/><line nr="44" mi="0" ci="2" mb="0" cb="0"/><line nr="45" mi="0" ci="2" mb="0" cb="0"/><line nr="47" mi="0" ci="4" mb="0" cb="0"/><line nr="48" mi="0" ci="4" mb="0" cb="0"/><line nr="50" mi="0" ci="4" mb="0" cb="0"/><line nr="51" mi="0" ci="3" mb="0" cb="0"/><line nr="52" mi="0" ci="3" mb="1" cb="1"/><line nr="53" mi="0" ci="4" mb="0" cb="0"/><line nr="54" mi="0" ci="12" mb="0" cb="0"/><line nr="55" mi="0" ci="3" mb="0" cb="0"/><line nr="56" mi="0" ci="5" mb="0" cb="0"/><line nr="57" mi="0" ci="3" mb="0" cb="0"/><line nr="58" mi="0" ci="6" mb="0" cb="0"/><line nr="59" mi="0" ci="5" mb="0" cb="0"/><line nr="60" mi="0" ci="5" mb="0" cb="0"/><line nr="62" mi="0" ci="4" mb="0" cb="0"/><line nr="63" mi="0" ci="4" mb="0" cb="0"/><line nr="64" mi="1" ci="1" mb="0" cb="0"/><line nr="65" mi="5" ci="0" mb="0" cb="0"/><line nr="66" mi="1" ci="0" mb="0" cb="0"/><line nr="67" mi="0" ci="4" mb="0" cb="0"/><line nr="68" mi="0" ci="2" mb="0" cb="0"/><line nr="73" mi="0" ci="2" mb="0" cb="0"/><line nr="75" mi="0" ci="4" mb="0" cb="0"/><line nr="76" mi="0" ci="4" mb="0" cb="0"/><line nr="77" mi="0" ci="5" mb="0" cb="0"/><line nr="78" mi="0" ci="9" mb="0" cb="0"/><line nr="79" mi="0" ci="5" mb="0" cb="0"/><line nr="80" mi="0" ci="3" mb="0" cb="0"/><line nr="81" mi="0" ci="2" mb="0" cb="0"/><line nr="82" mi="1" ci="0" mb="0" cb="0"/><line nr="83" mi="4" ci="0" mb="0" cb="0"/><line nr="85" mi="0" ci="4" mb="0" cb="0"/><line nr="87" mi="2" ci="0" mb="0" cb="0"/><line nr="91" mi="0" ci="2" mb="0" cb="0"/><line nr="92" mi="0" ci="2" mb="0" cb="0"/><line nr="94" mi="0" ci="4" mb="0" cb="0"/><line nr="95" mi="0" ci="4" mb="0" cb="0"/><line nr="96" mi="0" ci="4" mb="0" cb="0"/><line nr="97" mi="0" ci="3" mb="0" cb="0"/><line nr="98" mi="0" ci="3" mb="0" cb="0"/><line nr="99" mi="0" ci="4" mb="0" cb="0"/><line nr="100" mi="0" ci="4" mb="0" cb="0"/><line nr="101" mi="0" ci="4" mb="0" cb="0"/><line nr="102" mi="1" ci="1" mb="0" cb="0"/><line nr="103" mi="4" ci="0" mb="0" cb="0"/><line nr="105" mi="0" ci="4" mb="0" cb="0"/><line nr="107" mi="0" ci="2" mb="0" cb="0"/><counter type="INSTRUCTION" missed="32" covered="224"/><counter type="BRANCH" missed="2" covered="2"/><counter type="LINE" missed="9" covered="56"/><counter type="COMPLEXITY" missed="2" covered="6"/><counter type="METHOD" missed="0" covered="6"/><counter type="CLASS" missed="0" covered="1"/></sourcefile><counter type="INSTRUCTION" missed="45" covered="317"/><counter type="BRANCH" missed="4" covered="4"/><counter type="LINE" missed="13" covered="81"/><counter type="COMPLEXITY" missed="4" covered="10"/><counter type="METHOD" missed="0" covered="10"/><counter type="CLASS" missed="0" covered="2"/></package><package name="com/parkit/parkingsystem/config"><class name="com/parkit/parkingsystem/config/DataBaseConfig" sourcefilename="DataBaseConfig.java"><method name="&lt;clinit&gt;" desc="()V" line="10"><counter type="INSTRUCTION" missed="0" covered="4"/><counter type="LINE" missed="0" covered="1"/><counter type="COMPLEXITY" missed="0" covered="1"/><counter type="METHOD" missed="0" covered="1"/></method><method name="&lt;init&gt;" desc="()V" line="8"><counter type="INSTRUCTION" missed="0" covered="3"/><counter type="LINE" missed="0" covered="1"/><counter type="COMPLEXITY" missed="0" covered="1"/><counter type="METHOD" missed="0" covered="1"/></method><method name="getConnection" desc="()Ljava/sql/Connection;" line="13"><counter type="INSTRUCTION" missed="11" covered="0"/><counter type="LINE" missed="4" covered="0"/><counter type="COMPLEXITY" missed="1" covered="0"/><counter type="METHOD" missed="1" covered="0"/></method><method name="closeConnection" desc="(Ljava/sql/Connection;)V" line="20"><counter type="INSTRUCTION" missed="14" covered="0"/><counter type="BRANCH" missed="2" covered="0"/><counter type="LINE" missed="6" covered="0"/><counter type="COMPLEXITY" missed="2" covered="0"/><counter type="METHOD" missed="1" covered="0"/></method><method name="closePreparedStatement" desc="(Ljava/sql/PreparedStatement;)V" line="31"><counter type="INSTRUCTION" missed="14" covered="0"/><counter type="BRANCH" missed="2" covered="0"/><counter type="LINE" missed="6" covered="0"/><counter type="COMPLEXITY" missed="2" covered="0"/><counter type="METHOD" missed="1" covered="0"/></method><method name="closeResultSet" desc="(Ljava/sql/ResultSet;)V" line="42"><counter type="INSTRUCTION" missed="14" covered="0"/><counter type="BRANCH" missed="2" covered="0"/><counter type="LINE" missed="6" covered="0"/><counter type="COMPLEXITY" missed="2" covered="0"/><counter type="METHOD" missed="1" covered="0"/></method><counter type="INSTRUCTION" missed="53" covered="7"/><counter type="BRANCH" missed="6" covered="0"/><counter type="LINE" missed="22" covered="2"/><counter type="COMPLEXITY" missed="7" covered="2"/><counter type="METHOD" missed="4" covered="2"/><counter type="CLASS" missed="0" covered="1"/></class><sourcefile name="DataBaseConfig.java"><line nr="8" mi="0" ci="3" mb="0" cb="0"/><line nr="10" mi="0" ci="4" mb="0" cb="0"/><line nr="13" mi="3" ci="0" mb="0" cb="0"/><line nr="14" mi="3" ci="0" mb="0" cb="0"/><line nr="15" mi="2" ci="0" mb="0" cb="0"/><line nr="16" mi="3" ci="0" mb="0" cb="0"/><line nr="20" mi="2" ci="0" mb="2" cb="0"/><line nr="22" mi="2" ci="0" mb="0" cb="0"/><line nr="23" mi="3" ci="0" mb="0" cb="0"/><line nr="24" mi="2" ci="0" mb="0" cb="0"/><line nr="25" mi="4" ci="0" mb="0" cb="0"/><line nr="28" mi="1" ci="0" mb="0" cb="0"/><line nr="31" mi="2" ci="0" mb="2" cb="0"/><line nr="33" mi="2" ci="0" mb="0" cb="0"/><line nr="34" mi="3" ci="0" mb="0" cb="0"/><line nr="35" mi="2" ci="0" mb="0" cb="0"/><line nr="36" mi="4" ci="0" mb="0" cb="0"/><line nr="39" mi="1" ci="0" mb="0" cb="0"/><line nr="42" mi="2" ci="0" mb="2" cb="0"/><line nr="44" mi="2" ci="0" mb="0" cb="0"/><line nr="45" mi="3" ci="0" mb="0" cb="0"/><line nr="46" mi="2" ci="0" mb="0" cb="0"/><line nr="47" mi="4" ci="0" mb="0" cb="0"/><line nr="50" mi="1" ci="0" mb="0" cb="0"/><counter type="INSTRUCTION" missed="53" covered="7"/><counter type="BRANCH" missed="6" covered="0"/><counter type="LINE" missed="22" covered="2"/><counter type="COMPLEXITY" missed="7" covered="2"/><counter type="METHOD" missed="4" covered="2"/><counter type="CLASS" missed="0" covered="1"/></sourcefile><counter type="INSTRUCTION" missed="53" covered="7"/><counter type="BRANCH" missed="6" covered="0"/><counter type="LINE" missed="22" covered="2"/><counter type="COMPLEXITY" missed="7" covered="2"/><counter type="METHOD" missed="4" covered="2"/><counter type="CLASS" missed="0" covered="1"/></package><counter type="INSTRUCTION" missed="258" covered="768"/><counter type="BRANCH" missed="25" covered="25"/><counter type="LINE" missed="92" covered="204"/><counter type="COMPLEXITY" missed="36" covered="51"/><counter type="METHOD" missed="18" covered="42"/><counter type="CLASS" missed="4" covered="9"/></report>